<?xml version="1.0" encoding="UTF-8"?>
<coverage generated="1722067301210" clover="3.2.0">
  <project timestamp="1722067301210" name="All files">
    <metrics statements="9" coveredstatements="3" conditionals="14" coveredconditionals="5" methods="2" coveredmethods="1" elements="25" coveredelements="9" complexity="0" loc="9" ncloc="9" packages="1" files="1" classes="1"/>
    <file name="integration.js" path="/workspaces/automated-testing-workshop/integration.js">
      <metrics statements="9" coveredstatements="3" conditionals="14" coveredconditionals="5" methods="2" coveredmethods="1"/>
      <line num="2" count="0" type="stmt"/>
      <line num="6" count="4" type="cond" truecount="5" falsecount="1"/>
      <line num="7" count="4" type="stmt"/>
      <line num="10" count="0" type="cond" truecount="0" falsecount="4"/>
      <line num="11" count="0" type="stmt"/>
      <line num="14" count="0" type="cond" truecount="0" falsecount="4"/>
      <line num="15" count="0" type="stmt"/>
      <line num="19" count="0" type="stmt"/>
      <line num="22" count="1" type="stmt"/>
    </file>
  </project>
</coverage>
