<?xml version="1.0" encoding="UTF-8"?>
<coverage generated="1722065597304" clover="3.2.0">
  <project timestamp="1722065597305" name="All files">
    <metrics statements="10" coveredstatements="9" conditionals="11" coveredconditionals="10" methods="1" coveredmethods="1" elements="22" coveredelements="20" complexity="0" loc="10" ncloc="10" packages="1" files="1" classes="1"/>
    <file name="person.js" path="/workspaces/automated-testing-workshop/person.js">
      <metrics statements="10" coveredstatements="9" conditionals="11" coveredconditionals="10" methods="1" coveredmethods="1"/>
      <line num="2" count="4" type="cond" truecount="5" falsecount="0"/>
      <line num="3" count="1" type="stmt"/>
      <line num="6" count="3" type="cond" truecount="1" falsecount="1"/>
      <line num="7" count="0" type="stmt"/>
      <line num="10" count="3" type="cond" truecount="2" falsecount="0"/>
      <line num="11" count="1" type="stmt"/>
      <line num="14" count="2" type="cond" truecount="2" falsecount="0"/>
      <line num="15" count="1" type="stmt"/>
      <line num="18" count="1" type="stmt"/>
      <line num="22" count="1" type="stmt"/>
    </file>
  </project>
</coverage>
