{"/workspaces/automated-testing-workshop/person.js": {"path":"/workspaces/automated-testing-workshop/person.js","statementMap":{"0":{"start":{"line":2,"column":1},"end":{"line":4,"column":2}},"1":{"start":{"line":3,"column":2},"end":{"line":3,"column":62}},"2":{"start":{"line":6,"column":1},"end":{"line":8,"column":2}},"3":{"start":{"line":7,"column":2},"end":{"line":7,"column":33}},"4":{"start":{"line":10,"column":1},"end":{"line":12,"column":2}},"5":{"start":{"line":11,"column":2},"end":{"line":11,"column":35}},"6":{"start":{"line":14,"column":1},"end":{"line":16,"column":2}},"7":{"start":{"line":15,"column":2},"end":{"line":15,"column":34}},"8":{"start":{"line":18,"column":2},"end":{"line":18,"column":79}},"9":{"start":{"line":22,"column":0},"end":{"line":22,"column":32}}},"fnMap":{"0":{"name":"getFullName","decl":{"start":{"line":1,"column":9},"end":{"line":1,"column":20}},"loc":{"start":{"line":1,"column":34},"end":{"line":19,"column":1}},"line":1}},"branchMap":{"0":{"loc":{"start":{"line":2,"column":1},"end":{"line":4,"column":2}},"type":"if","locations":[{"start":{"line":2,"column":1},"end":{"line":4,"column":2}},{"start":{},"end":{}}],"line":2},"1":{"loc":{"start":{"line":2,"column":5},"end":{"line":2,"column":82}},"type":"binary-expr","locations":[{"start":{"line":2,"column":5},"end":{"line":2,"column":28}},{"start":{"line":2,"column":32},"end":{"line":2,"column":56}},{"start":{"line":2,"column":60},"end":{"line":2,"column":82}}],"line":2},"2":{"loc":{"start":{"line":6,"column":1},"end":{"line":8,"column":2}},"type":"if","locations":[{"start":{"line":6,"column":1},"end":{"line":8,"column":2}},{"start":{},"end":{}}],"line":6},"3":{"loc":{"start":{"line":10,"column":1},"end":{"line":12,"column":2}},"type":"if","locations":[{"start":{"line":10,"column":1},"end":{"line":12,"column":2}},{"start":{},"end":{}}],"line":10},"4":{"loc":{"start":{"line":14,"column":1},"end":{"line":16,"column":2}},"type":"if","locations":[{"start":{"line":14,"column":1},"end":{"line":16,"column":2}},{"start":{},"end":{}}],"line":14}},"s":{"0":4,"1":1,"2":3,"3":0,"4":3,"5":1,"6":2,"7":1,"8":1,"9":1},"f":{"0":4},"b":{"0":[1,3],"1":[4,2,1],"2":[0,3],"3":[1,2],"4":[1,1]},"_coverageSchema":"1a1c01bbd47fc00a2c39e90264f33305004495a9","hash":"8e6f16e589f61f68ac8806957847d73c5b481d94"}
}
